2025-03-28 17:33:50.510038 - Received CBT.V508.FILE021.PDS from FILE021.XMI 
2025-03-28 17:33:50.512681 - Found $$$#DATE.txt (text/plain) in CBT.V508.FILE021.PDS, moved to PDS/$$$#DATE
2025-03-28 17:33:50.513792 - Found $DOC.txt (text/plain) in CBT.V508.FILE021.PDS, moved to PDS/$DOC
2025-03-28 17:33:50.514717 - Found $EPILOG.txt (text/plain) in CBT.V508.FILE021.PDS, moved to PDS/$EPILOG
2025-03-28 17:33:50.515547 - Found $PROLOG.txt (text/plain) in CBT.V508.FILE021.PDS, moved to PDS/$PROLOG
2025-03-28 17:33:50.516412 - Found $REGS.txt (text/plain) in CBT.V508.FILE021.PDS, moved to PDS/$REGS
2025-03-28 17:33:50.517485 - Found $STCK.txt (text/plain) in CBT.V508.FILE021.PDS, moved to PDS/$STCK
2025-03-28 17:33:50.519161 - Found @FILE021.txt (text/plain) in CBT.V508.FILE021.PDS, moved to PDS/@FILE021
2025-03-28 17:33:50.520413 - Found DISCBOX.txt (text/plain) in CBT.V508.FILE021.PDS, moved to PDS/DISCBOX
2025-03-28 17:33:50.521673 - Found ENTER.txt (text/plain) in CBT.V508.FILE021.PDS, moved to PDS/ENTER
2025-03-28 17:33:50.523238 - Found IBHDRPLY.txt (text/plain) in CBT.V508.FILE021.PDS, moved to PDS/IBHDRPLY
2025-03-28 17:33:50.524010 - Found IBHJESPM.txt (text/plain) in CBT.V508.FILE021.PDS, moved to PDS/IBHJESPM
2025-03-28 17:33:50.526044 - Found IBHJ2001.txt (text/plain) in CBT.V508.FILE021.PDS, moved to PDS/IBHJ2001
2025-03-28 17:33:50.528489 - Found IBHJ2005.txt (text/plain) in CBT.V508.FILE021.PDS, moved to PDS/IBHJ2005
2025-03-28 17:33:50.530059 - Found IBHJ2015.txt (text/plain) in CBT.V508.FILE021.PDS, moved to PDS/IBHJ2015
2025-03-28 17:33:50.531059 - Found IBHLSPAC.txt (text/plain) in CBT.V508.FILE021.PDS, moved to PDS/IBHLSPAC
2025-03-28 17:33:50.531806 - Found IBHWTORG.txt (text/plain) in CBT.V508.FILE021.PDS, moved to PDS/IBHWTORG
2025-03-28 17:33:50.533026 - Found IBHWTORM.txt (text/plain) in CBT.V508.FILE021.PDS, moved to PDS/IBHWTORM
2025-03-28 17:33:50.534353 - Found LEAVE.txt (text/plain) in CBT.V508.FILE021.PDS, moved to PDS/LEAVE
2025-03-28 17:33:50.536335 - Found OCX.txt (text/plain) in CBT.V508.FILE021.PDS, moved to PDS/OCX
